<?xml version="1.0" encoding="utf-8"?><testsuites name="pytest tests"><testsuite name="pytest" errors="0" failures="0" skipped="0" tests="12" time="9.212" timestamp="2026-09-03T10:58:40.146167+00:00" hostname="agent-env-3533ff1c-4b5c-477e-8557-b2478fb2782e"><testcase classname="tests.test_parse_command.TestParseCommand" name="test_root" time="0.147" /><testcase classname="tests.test_parse_command.TestParseCommand" name="test_send_money" time="0.994" /><testcase classname="tests.test_parse_command.TestParseCommand" name="test_check_balance" time="1.180" /><testcase classname="tests.test_parse_command.TestParseCommand" name="test_recent_transactions" time="0.869" /><testcase classname="tests.test_parse_command.TestParseCommand" name="test_pay_bill_electricity" time="0.686" /><testcase classname="tests.test_parse_command.TestParseCommand" name="test_mobile_recharge" time="0.670" /><testcase classname="tests.test_parse_command.TestParseCommand" name="test_beneficiaries" time="0.721" /><testcase classname="tests.test_parse_command.TestParseCommand" name="test_notifications" time="0.841" /><testcase classname="tests.test_parse_command.TestParseCommand" name="test_help" time="0.690" /><testcase classname="tests.test_parse_command.TestParseCommand" name="test_go_back" time="0.806" /><testcase classname="tests.test_parse_command.TestParseCommand" name="test_cancel" time="0.711" /><testcase classname="tests.test_parse_command.TestParseCommand" name="test_empty" time="0.228" /></testsuite></testsuites>